<?xml version="1.0" encoding="UTF-8"?>
<testsuite name="com.example.springgumball.SpringGumballApplicationTests" tests="1" skipped="0" failures="0" errors="0" timestamp="2022-11-28T15:30:24" hostname="ubuntu" time="0.246">
  <properties/>
  <testcase name="contextLoads()" classname="com.example.springgumball.SpringGumballApplicationTests" time="0.246"/>
  <system-out><![CDATA[07:30:22.107 [Test worker] DEBUG org.springframework.test.context.BootstrapUtils - Instantiating CacheAwareContextLoaderDelegate from class [org.springframework.test.context.cache.DefaultCacheAwareContextLoaderDelegate]
07:30:22.119 [Test worker] DEBUG org.springframework.test.context.BootstrapUtils - Instantiating BootstrapContext using constructor [public org.springframework.test.context.support.DefaultBootstrapContext(java.lang.Class,org.springframework.test.context.CacheAwareContextLoaderDelegate)]
07:30:22.142 [Test worker] DEBUG org.springframework.test.context.BootstrapUtils - Instantiating TestContextBootstrapper for test class [com.example.springgumball.SpringGumballApplicationTests] from class [org.springframework.boot.test.context.SpringBootTestContextBootstrapper]
07:30:22.150 [Test worker] INFO org.springframework.boot.test.context.SpringBootTestContextBootstrapper - Neither @ContextConfiguration nor @ContextHierarchy found for test class [com.example.springgumball.SpringGumballApplicationTests], using SpringBootContextLoader
07:30:22.152 [Test worker] DEBUG org.springframework.test.context.support.AbstractContextLoader - Did not detect default resource location for test class [com.example.springgumball.SpringGumballApplicationTests]: class path resource [com/example/springgumball/SpringGumballApplicationTests-context.xml] does not exist
07:30:22.153 [Test worker] DEBUG org.springframework.test.context.support.AbstractContextLoader - Did not detect default resource location for test class [com.example.springgumball.SpringGumballApplicationTests]: class path resource [com/example/springgumball/SpringGumballApplicationTestsContext.groovy] does not exist
07:30:22.153 [Test worker] INFO org.springframework.test.context.support.AbstractContextLoader - Could not detect default resource locations for test class [com.example.springgumball.SpringGumballApplicationTests]: no resource found for suffixes {-context.xml, Context.groovy}.
07:30:22.153 [Test worker] INFO org.springframework.test.context.support.AnnotationConfigContextLoaderUtils - Could not detect default configuration classes for test class [com.example.springgumball.SpringGumballApplicationTests]: SpringGumballApplicationTests does not declare any static, non-private, non-final, nested classes annotated with @Configuration.
07:30:22.189 [Test worker] DEBUG org.springframework.test.context.support.ActiveProfilesUtils - Could not find an 'annotation declaring class' for annotation type [org.springframework.test.context.ActiveProfiles] and class [com.example.springgumball.SpringGumballApplicationTests]
07:30:22.256 [Test worker] DEBUG org.springframework.context.annotation.ClassPathScanningCandidateComponentProvider - Identified candidate component class: file [/home/maxmok/spring-gumball/spring-gumball/build/classes/java/main/com/example/springgumball/SpringGumballApplication.class]
07:30:22.256 [Test worker] INFO org.springframework.boot.test.context.SpringBootTestContextBootstrapper - Found @SpringBootConfiguration com.example.springgumball.SpringGumballApplication for test class com.example.springgumball.SpringGumballApplicationTests
07:30:22.318 [Test worker] DEBUG org.springframework.boot.test.context.SpringBootTestContextBootstrapper - @TestExecutionListeners is not present for class [com.example.springgumball.SpringGumballApplicationTests]: using defaults.
07:30:22.319 [Test worker] INFO org.springframework.boot.test.context.SpringBootTestContextBootstrapper - Loaded default TestExecutionListener class names from location [META-INF/spring.factories]: [org.springframework.boot.test.autoconfigure.restdocs.RestDocsTestExecutionListener, org.springframework.boot.test.autoconfigure.web.client.MockRestServiceServerResetTestExecutionListener, org.springframework.boot.test.autoconfigure.web.servlet.MockMvcPrintOnlyOnFailureTestExecutionListener, org.springframework.boot.test.autoconfigure.web.servlet.WebDriverTestExecutionListener, org.springframework.boot.test.autoconfigure.webservices.client.MockWebServiceServerTestExecutionListener, org.springframework.boot.test.mock.mockito.MockitoTestExecutionListener, org.springframework.boot.test.mock.mockito.ResetMocksTestExecutionListener, org.springframework.test.context.web.ServletTestExecutionListener, org.springframework.test.context.support.DirtiesContextBeforeModesTestExecutionListener, org.springframework.test.context.event.ApplicationEventsTestExecutionListener, org.springframework.test.context.support.DependencyInjectionTestExecutionListener, org.springframework.test.context.support.DirtiesContextTestExecutionListener, org.springframework.test.context.transaction.TransactionalTestExecutionListener, org.springframework.test.context.jdbc.SqlScriptsTestExecutionListener, org.springframework.test.context.event.EventPublishingTestExecutionListener]
07:30:22.325 [Test worker] DEBUG org.springframework.boot.test.context.SpringBootTestContextBootstrapper - Skipping candidate TestExecutionListener [org.springframework.test.context.transaction.TransactionalTestExecutionListener] due to a missing dependency. Specify custom listener classes or make the default listener classes and their required dependencies available. Offending class: [org/springframework/transaction/interceptor/TransactionAttributeSource]
07:30:22.325 [Test worker] DEBUG org.springframework.boot.test.context.SpringBootTestContextBootstrapper - Skipping candidate TestExecutionListener [org.springframework.test.context.jdbc.SqlScriptsTestExecutionListener] due to a missing dependency. Specify custom listener classes or make the default listener classes and their required dependencies available. Offending class: [org/springframework/transaction/interceptor/TransactionAttribute]
07:30:22.326 [Test worker] INFO org.springframework.boot.test.context.SpringBootTestContextBootstrapper - Using TestExecutionListeners: [org.springframework.test.context.web.ServletTestExecutionListener@51cd7ffc, org.springframework.test.context.support.DirtiesContextBeforeModesTestExecutionListener@30d4b288, org.springframework.test.context.event.ApplicationEventsTestExecutionListener@4cc6fa2a, org.springframework.boot.test.mock.mockito.MockitoTestExecutionListener@40f1be1b, org.springframework.boot.test.autoconfigure.SpringBootDependencyInjectionTestExecutionListener@7a791b66, org.springframework.test.context.support.DirtiesContextTestExecutionListener@6f2cb653, org.springframework.test.context.event.EventPublishingTestExecutionListener@14c01636, org.springframework.boot.test.autoconfigure.restdocs.RestDocsTestExecutionListener@590c73d3, org.springframework.boot.test.autoconfigure.web.client.MockRestServiceServerResetTestExecutionListener@6b9ce1bf, org.springframework.boot.test.autoconfigure.web.servlet.MockMvcPrintOnlyOnFailureTestExecutionListener@61884cb1, org.springframework.boot.test.autoconfigure.web.servlet.WebDriverTestExecutionListener@75ed9710, org.springframework.boot.test.autoconfigure.webservices.client.MockWebServiceServerTestExecutionListener@4fc5e095, org.springframework.boot.test.mock.mockito.ResetMocksTestExecutionListener@435871cb]
07:30:22.328 [Test worker] DEBUG org.springframework.test.context.support.AbstractDirtiesContextTestExecutionListener - Before test class: context [DefaultTestContext@5316e95f testClass = SpringGumballApplicationTests, testInstance = [null], testMethod = [null], testException = [null], mergedContextConfiguration = [WebMergedContextConfiguration@3f053c80 testClass = SpringGumballApplicationTests, locations = '{}', classes = '{class com.example.springgumball.SpringGumballApplication}', contextInitializerClasses = '[]', activeProfiles = '{}', propertySourceLocations = '{}', propertySourceProperties = '{org.springframework.boot.test.context.SpringBootTestContextBootstrapper=true}', contextCustomizers = set[org.springframework.boot.test.autoconfigure.actuate.metrics.MetricsExportContextCustomizerFactory$DisableMetricExportContextCustomizer@345f69f3, org.springframework.boot.test.autoconfigure.properties.PropertyMappingContextCustomizer@0, org.springframework.boot.test.autoconfigure.web.servlet.WebDriverContextCustomizerFactory$Customizer@413f69cc, org.springframework.boot.test.context.filter.ExcludeFilterContextCustomizer@39ac0c0a, org.springframework.boot.test.json.DuplicateJsonObjectContextCustomizerFactory$DuplicateJsonObjectContextCustomizer@6d167f58, org.springframework.boot.test.mock.mockito.MockitoContextCustomizer@0, org.springframework.boot.test.web.client.TestRestTemplateContextCustomizer@172b013, org.springframework.boot.test.context.SpringBootTestArgs@1, org.springframework.boot.test.context.SpringBootTestWebEnvironment@6e509ffa], resourceBasePath = 'src/main/webapp', contextLoader = 'org.springframework.boot.test.context.SpringBootContextLoader', parent = [null]], attributes = map['org.springframework.test.context.web.ServletTestExecutionListener.activateListener' -> true]], class annotated with @DirtiesContext [false] with mode [null].
07:30:22.361 [Test worker] DEBUG org.springframework.test.context.support.TestPropertySourceUtils - Adding inlined properties to environment: {spring.jmx.enabled=false, org.springframework.boot.test.context.SpringBootTestContextBootstrapper=true}

  .   ____          _            __ _ _
 /\\ / ___'_ __ _ _(_)_ __  __ _ \ \ \ \
( ( )\___ | '_ | '_| | '_ \/ _` | \ \ \ \
 \\/  ___)| |_)| | | | | || (_| |  ) ) ) )
  '  |____| .__|_| |_|_| |_\__, | / / / /
 =========|_|==============|___/=/_/_/_/
 :: Spring Boot ::                (v2.4.2)

2022-11-28 07:30:22.589  INFO 15305 --- [    Test worker] c.e.s.SpringGumballApplicationTests      : Starting SpringGumballApplicationTests using Java 11.0.17 on ubuntu with PID 15305 (started by maxmok in /home/maxmok/spring-gumball/spring-gumball)
2022-11-28 07:30:22.592  INFO 15305 --- [    Test worker] c.e.s.SpringGumballApplicationTests      : No active profile set, falling back to default profiles: default
2022-11-28 07:30:23.934  INFO 15305 --- [    Test worker] o.s.s.concurrent.ThreadPoolTaskExecutor  : Initializing ExecutorService 'applicationTaskExecutor'
2022-11-28 07:30:24.243  INFO 15305 --- [    Test worker] c.e.s.SpringGumballApplicationTests      : Started SpringGumballApplicationTests in 1.876 seconds (JVM running for 3.024)
]]></system-out>
  <system-err><![CDATA[]]></system-err>
</testsuite>
